[1017/160339.328:ERROR:directory_reader_win.cc(43)] FindFirstFile: Le chemin d’accès spécifié est introuvable. (0x3)
[1019/174220.291:ERROR:directory_reader_win.cc(43)] FindFirstFile: Le chemin d’accès spécifié est introuvable. (0x3)
[1019/183953.498:ERROR:process_reader_win.cc(151)] SuspendThread: Accès refusé. (0x5)
[1019/183953.498:ERROR:process_reader_win.cc(123)] NtOpenThread: {Accès refusé} Un processus a demandé l’accès a un objet, mais il ne bénéficie pas des autorisations nécessaires. (0xc0000022)
[1019/183953.498:ERROR:exception_snapshot_win.cc(99)] thread ID 4744 not found in process
[1019/183953.506:ERROR:process_reader_win.cc(151)] SuspendThread: Accès refusé. (0x5)
[1019/183953.506:ERROR:process_reader_win.cc(151)] SuspendThread: Accès refusé. (0x5)
[1019/183953.506:ERROR:process_reader_win.cc(151)] SuspendThread: Accès refusé. (0x5)
[1019/183953.506:ERROR:process_reader_win.cc(151)] SuspendThread: Accès refusé. (0x5)
[1019/183953.506:ERROR:process_reader_win.cc(151)] SuspendThread: Accès refusé. (0x5)
[1019/183953.506:ERROR:process_reader_win.cc(151)] SuspendThread: Accès refusé. (0x5)
[1019/183953.506:ERROR:process_reader_win.cc(151)] SuspendThread: Accès refusé. (0x5)
[1019/183953.506:ERROR:process_reader_win.cc(151)] SuspendThread: Accès refusé. (0x5)
[1019/183953.506:ERROR:process_reader_win.cc(151)] SuspendThread: Accès refusé. (0x5)
[1019/183953.506:ERROR:process_reader_win.cc(151)] SuspendThread: Accès refusé. (0x5)
[1019/183953.506:ERROR:process_reader_win.cc(151)] SuspendThread: Accès refusé. (0x5)
[1019/183953.506:ERROR:process_reader_win.cc(151)] SuspendThread: Accès refusé. (0x5)
[1019/183953.506:ERROR:process_reader_win.cc(151)] SuspendThread: Accès refusé. (0x5)
[1019/183953.506:ERROR:process_reader_win.cc(151)] SuspendThread: Accès refusé. (0x5)
[1019/183953.506:ERROR:process_reader_win.cc(151)] SuspendThread: Accès refusé. (0x5)
[1019/183953.506:ERROR:process_reader_win.cc(151)] SuspendThread: Accès refusé. (0x5)
[1019/183953.506:ERROR:process_reader_win.cc(151)] SuspendThread: Accès refusé. (0x5)
[1019/183953.506:ERROR:process_reader_win.cc(151)] SuspendThread: Accès refusé. (0x5)
[1019/183953.506:ERROR:process_reader_win.cc(151)] SuspendThread: Accès refusé. (0x5)
[1019/183953.506:ERROR:process_reader_win.cc(151)] SuspendThread: Accès refusé. (0x5)
[1019/183953.506:ERROR:process_reader_win.cc(151)] SuspendThread: Accès refusé. (0x5)
[1019/183953.506:ERROR:process_reader_win.cc(151)] SuspendThread: Accès refusé. (0x5)
[1019/183953.506:ERROR:process_reader_win.cc(151)] SuspendThread: Accès refusé. (0x5)
[1019/183953.506:ERROR:process_reader_win.cc(151)] SuspendThread: Accès refusé. (0x5)
[1019/183953.506:ERROR:process_reader_win.cc(151)] SuspendThread: Accès refusé. (0x5)
[1019/183953.506:ERROR:process_reader_win.cc(123)] NtOpenThread: {Accès refusé} Un processus a demandé l’accès a un objet, mais il ne bénéficie pas des autorisations nécessaires. (0xc0000022)
[1019/183953.506:ERROR:process_reader_win.cc(123)] NtOpenThread: {Accès refusé} Un processus a demandé l’accès a un objet, mais il ne bénéficie pas des autorisations nécessaires. (0xc0000022)
[1019/183953.506:ERROR:exception_snapshot_win.cc(99)] thread ID 2660 not found in process
[1019/183953.506:ERROR:exception_snapshot_win.cc(99)] thread ID 8092 not found in process
[1020/174623.799:ERROR:directory_reader_win.cc(43)] FindFirstFile: Le chemin d’accès spécifié est introuvable. (0x3)
[1020/180544.966:ERROR:directory_reader_win.cc(43)] FindFirstFile: Le chemin d’accès spécifié est introuvable. (0x3)
[1024/165132.623:ERROR:directory_reader_win.cc(43)] FindFirstFile: Le chemin d’accès spécifié est introuvable. (0x3)
[1024/221426.994:ERROR:directory_reader_win.cc(43)] FindFirstFile: Le chemin d’accès spécifié est introuvable. (0x3)
[1025/164755.963:ERROR:directory_reader_win.cc(43)] FindFirstFile: Le chemin d’accès spécifié est introuvable. (0x3)
[1027/212651.458:ERROR:directory_reader_win.cc(43)] FindFirstFile: Le chemin d’accès spécifié est introuvable. (0x3)
[1027/214711.599:ERROR:directory_reader_win.cc(43)] FindFirstFile: Le chemin d’accès spécifié est introuvable. (0x3)
[1028/224132.093:ERROR:directory_reader_win.cc(43)] FindFirstFile: Le chemin d’accès spécifié est introuvable. (0x3)
[1103/161001.247:ERROR:directory_reader_win.cc(43)] FindFirstFile: Le chemin d’accès spécifié est introuvable. (0x3)
[1106/204504.339:ERROR:directory_reader_win.cc(43)] FindFirstFile: Le chemin d’accès spécifié est introuvable. (0x3)
[1202/012454.804:ERROR:directory_reader_win.cc(43)] FindFirstFile: The system cannot find the path specified. (0x3)
